test plpython_schema          ... ok
test plpython_populate        ... ok
test plpython_test            ... ok
test plpython_do              ... ok
test plpython_global          ... ok
test plpython_import          ... ok
test plpython_spi             ... ok
test plpython_newline         ... ok
test plpython_void            ... ok
test plpython_params          ... ok
test plpython_setof           ... ok
test plpython_record          ... FAILED
test plpython_trigger         ... FAILED
test plpython_types           ... ok
test plpython_error           ... ok
test plpython_unicode         ... ok
test plpython_quote           ... ok
test plpython_composite       ... ok
test plpython_subtransaction  ... ok
test plpython_drop            ... ok
